[2020-11-30T17:19:33.413] [INFO] event - ファイル: 2015-04-27 22.39.17-1.jpg
[2020-11-30T17:19:49.204] [INFO] event - バーコード: fdfdsfewrh4353
[2020-11-30T17:20:43.577] [INFO] event - ファイル: 2015-04-27 22.39.17.jpg
[2020-11-30T17:20:46.332] [INFO] event - バーコード: 4324325873405945
[2020-11-30T17:20:46.340] [INFO] event - リネーム: /Users/kakicg/watch/2015-04-27 22.39.17.jpg　> /Users/kakicg/renamed/20201130-43243.39
[2020-11-30T17:26:16.875] [INFO] event - ファイル: 2015-04-27 22.39.17のコピー.jpg
[2020-11-30T17:26:21.790] [INFO] event - バーコード: 5743892573049582
[2020-11-30T17:26:21.793] [INFO] event - リネーム: /Users/kakicg/watch/2015-04-27 22.39.17のコピー.jpg　> /Users/kakicg/renamed/20201130-57438.jpg
[2020-12-05T15:17:46.815] [INFO] event - ファイル: package-lock.json
[2020-12-05T15:17:54.310] [INFO] event - バーコード: 324273973928
[2020-12-05T15:17:54.312] [INFO] event - リネーム: ../写真/package-lock.json　> ../リネーム/20201205-32427.json
[2020-12-11T09:57:25.821] [INFO] event - ファイル: 2015-04-27 22.39.17-1.jpg
[2020-12-11T09:57:27.640] [INFO] event - バーコード: 03456789000
[2020-12-11T10:04:28.849] [INFO] event - ファイル: 2015-04-27-22.39.17-1.jpg
[2020-12-11T10:05:41.183] [INFO] event - バーコード: 0123456789012345678
[2020-12-11T10:05:42.251] [INFO] event - ファイル: 2015-04-27-22.39.17-1.jpg
[2020-12-11T10:05:42.255] [INFO] event - リネーム: ./watch/2015-04-27-22.39.17-1.jpg　> ./renamed/01/20201211-01234.jpg
[2020-12-11T10:32:46.849] [INFO] event - 写真転送フォルダー: ./watch
[2020-12-11T10:32:46.850] [INFO] event - リネームフォルダー: ./renamed
[2020-12-11T10:32:46.851] [INFO] event - 許容タイムラグ: 60000ミリ秒
[2020-12-11T10:33:27.659] [INFO] event - ファイル: 20201211-01234.jpg
[2020-12-11T10:33:34.390] [INFO] event - バーコード: 12009876
[2020-12-11T10:33:34.395] [INFO] event - リネーム: ./watch/20201211-01234.jpg　> ./renamed/12/20201211-12009.jpg
[2020-12-11T10:34:42.223] [INFO] event - ファイル: 2015-04-27 22.39.54-1.jpg
[2020-12-11T10:34:47.954] [INFO] event - バーコード: 0599876
[2020-12-11T10:34:47.958] [INFO] event - リネーム: ./watch/2015-04-27 22.39.54-1.jpg　> ./renamed/05/20201211-05998.jpg
[2020-12-12T18:44:30.175] [INFO] event - 写真転送フォルダー: ./watch
[2020-12-12T18:44:30.183] [INFO] event - リネームフォルダー: ./renamed
[2020-12-12T18:44:30.183] [INFO] event - 許容タイムラグ: 60000ミリ秒
[2020-12-12T18:44:57.086] [INFO] event - ファイル: IMG_0155.JPG
[2020-12-12T18:49:05.832] [INFO] event - 写真転送フォルダー: ./watch
[2020-12-12T18:49:05.833] [INFO] event - リネームフォルダー: ./renamed
[2020-12-12T18:49:05.834] [INFO] event - 許容タイムラグ: 60000ミリ秒
[2020-12-12T18:49:11.872] [INFO] event - ファイル: IMG_0155.JPG
[2020-12-12T18:58:15.419] [INFO] event - 写真転送フォルダー: ./watch
[2020-12-12T18:58:15.421] [INFO] event - リネームフォルダー: ./renamed
[2020-12-12T18:58:15.421] [INFO] event - 許容タイムラグ: 60000ミリ秒
[2020-12-12T18:58:21.276] [INFO] event - ファイル: a.jpg
[2020-12-12T18:58:25.049] [INFO] event - バーコード: 123445
[2020-12-12T19:01:58.687] [INFO] event - 写真転送フォルダー: ./watch
[2020-12-12T19:01:58.689] [INFO] event - リネームフォルダー: ./renamed
[2020-12-12T19:01:58.689] [INFO] event - 許容タイムラグ: 60000ミリ秒
[2020-12-12T19:02:15.160] [INFO] event - ファイル: IMG_0282.JPG
[2020-12-12T19:02:37.756] [INFO] event - バーコード: 01234
[2020-12-12T19:02:37.805] [INFO] event - リネーム: ./watch/IMG_0282.JPG　> ./renamed/01/20201212-01234.JPG
[2020-12-12T19:04:33.993] [INFO] event - ファイル: IMG_0302.JPG
[2020-12-12T19:04:41.454] [INFO] event - バーコード: 021223
[2020-12-12T19:04:41.559] [INFO] event - リネーム: ./watch/IMG_0302.JPG　> ./renamed/02/20201212-02122.JPG
[2020-12-12T21:01:15.272] [INFO] event - 写真転送フォルダー: ./watch
[2020-12-12T21:01:15.274] [INFO] event - リネームフォルダー: ./renamed
[2020-12-12T21:01:15.274] [INFO] event - 許容タイムラグ: 60000ミリ秒
[2020-12-12T21:01:17.754] [INFO] event - ファイル: IMG_0868.jpeg
[2020-12-12T21:01:21.408] [INFO] event - バーコード: 12345
[2020-12-12T21:01:21.525] [INFO] event - リネーム: ./watch/IMG_0868.jpeg　> ./renamed/12/20201212-12345.jpeg
[2020-12-12T21:03:31.390] [INFO] event - 写真転送フォルダー: ./watch
[2020-12-12T21:03:31.392] [INFO] event - リネームフォルダー: ./renamed
[2020-12-12T21:03:31.392] [INFO] event - 許容タイムラグ: 60000ミリ秒
[2020-12-12T21:03:44.037] [INFO] event - ファイル: IMG_0304.JPG
[2020-12-12T21:03:57.991] [INFO] event - バーコード: 12309
[2020-12-12T21:03:58.125] [INFO] event - リネーム: ./watch/IMG_0304.JPG　> ./renamed/12/20201212-12309.JPG
[2020-12-12T21:05:00.611] [INFO] event - 写真転送フォルダー: ./watch
[2020-12-12T21:05:00.613] [INFO] event - リネームフォルダー: ./renamed
[2020-12-12T21:05:00.613] [INFO] event - 許容タイムラグ: 60000ミリ秒
[2020-12-12T21:05:05.863] [INFO] event - ファイル: IMG_0868.jpeg
[2020-12-12T21:05:11.557] [INFO] event - バーコード: 128888
[2020-12-12T21:05:11.674] [INFO] event - リネーム: ./watch/IMG_0868.jpeg　> ./renamed/12/20201212-12888.jpeg
[2020-12-12T21:05:48.008] [INFO] event - ファイル: IMG_0360.JPG
[2020-12-12T21:05:53.509] [INFO] event - バーコード: 127777
[2020-12-12T21:05:53.627] [INFO] event - リネーム: ./watch/IMG_0360.JPG　> ./renamed/12/20201212-12777.JPG
[2020-12-12T21:06:13.116] [INFO] event - ファイル: IMG_0304.JPG
[2020-12-12T21:06:18.541] [INFO] event - バーコード: 123333
[2020-12-12T21:06:18.664] [INFO] event - リネーム: ./watch/IMG_0304.JPG　> ./renamed/12/20201212-12333.JPG
[2020-12-12T21:36:44.372] [INFO] event - 写真転送フォルダー: ./watch
[2020-12-12T21:36:44.374] [INFO] event - リネームフォルダー: ./renamed
[2020-12-12T21:36:44.375] [INFO] event - 許容タイムラグ: 60000ミリ秒
[2020-12-12T21:36:50.741] [INFO] event - ファイル: IMG_0868.jpeg
[2020-12-12T21:36:56.043] [INFO] event - バーコード: 123345
[2020-12-12T21:36:58.104] [INFO] event - リネーム: ./watch/IMG_0868.jpeg　> ./renamed/12/20201212-12334.jpeg
[2020-12-12T21:37:43.114] [INFO] event - ファイル: IMG_0304.JPG
[2020-12-12T21:37:49.752] [INFO] event - バーコード: 1255555
[2020-12-12T21:37:51.999] [INFO] event - リネーム: ./watch/IMG_0304.JPG　> ./renamed/12/20201212-12555.JPG
[2020-12-12T21:38:19.517] [INFO] event - ファイル: IMG_0360.JPG
[2020-12-12T21:38:24.638] [INFO] event - バーコード: 124567
[2020-12-12T21:38:26.595] [INFO] event - リネーム: ./watch/IMG_0360.JPG　> ./renamed/12/20201212-12456.JPG
[2020-12-12T21:40:54.177] [INFO] event - 写真転送フォルダー: ./watch
[2020-12-12T21:40:54.179] [INFO] event - リネームフォルダー: ./renamed
[2020-12-12T21:40:54.179] [INFO] event - 許容タイムラグ: 60000ミリ秒
[2020-12-12T21:40:57.384] [INFO] event - ファイル: IMG_0360.JPG
[2020-12-12T21:41:43.639] [INFO] event - 写真転送フォルダー: ./watch
[2020-12-12T21:41:43.641] [INFO] event - リネームフォルダー: ./renamed
[2020-12-12T21:41:43.641] [INFO] event - 許容タイムラグ: 60000ミリ秒
[2020-12-12T21:41:46.615] [INFO] event - ファイル: IMG_0360.JPG
[2020-12-12T21:42:42.054] [INFO] event - 写真転送フォルダー: ./watch
[2020-12-12T21:42:42.056] [INFO] event - リネームフォルダー: ./renamed
[2020-12-12T21:42:42.056] [INFO] event - 許容タイムラグ: 60000ミリ秒
[2020-12-12T21:42:46.679] [INFO] event - ファイル: IMG_0868.jpeg
[2020-12-12T21:42:54.229] [INFO] event - バーコード: 126543
[2020-12-12T21:42:54.343] [INFO] event - リネーム: ./watch/IMG_0868.jpeg　> ./renamed/12/20201212-12654.jpeg
[2020-12-12T21:43:36.747] [INFO] event - ファイル: IMG_0868.jpeg
[2020-12-12T21:43:44.483] [INFO] event - バーコード: 120987
[2020-12-12T21:43:44.505] [INFO] event - リネーム: ./watch/IMG_0868.jpeg　> ./renamed/12/20201212-12098.jpeg
[2020-12-12T21:43:57.285] [INFO] event - ファイル: IMG_0360.JPG
[2020-12-12T21:44:04.161] [INFO] event - バーコード: 127899
[2020-12-12T21:44:04.282] [INFO] event - リネーム: ./watch/IMG_0360.JPG　> ./renamed/12/20201212-12789.JPG
[2020-12-12T21:45:47.415] [INFO] event - バーコード: 126754
[2020-12-12T21:45:51.264] [INFO] event - ファイル: IMG_0363.JPG
[2020-12-12T21:45:51.436] [INFO] event - リネーム: ./watch/IMG_0363.JPG　> ./renamed/12/20201212-12675.JPG
[2020-12-12T21:45:57.506] [INFO] event - バーコード: 123654
[2020-12-12T21:47:08.768] [INFO] event - ファイル: IMG_0368.JPG
[2020-12-12T21:47:35.494] [INFO] event - バーコード: 125664
[2020-12-12T21:47:35.621] [INFO] event - リネーム: ./watch/IMG_0368.JPG　> ./renamed/12/20201212-12566.JPG
[2020-12-12T21:51:02.505] [INFO] event - バーコード: 123654
[2020-12-12T21:51:06.387] [INFO] event - ファイル: IMG_0405.JPG
[2020-12-12T21:51:06.586] [INFO] event - リネーム: ./watch/IMG_0405.JPG　> ./renamed/12/20201212-12365.JPG
[2020-12-12T21:51:24.826] [INFO] event - ファイル: IMG_0401.JPG
[2020-12-12T21:51:30.979] [INFO] event - バーコード: 126572
[2020-12-12T21:51:31.105] [INFO] event - リネーム: ./watch/IMG_0401.JPG　> ./renamed/12/20201212-12657.JPG
[2020-12-12T21:51:37.808] [INFO] event - ファイル: IMG_0449.JPG
[2020-12-12T21:51:43.141] [INFO] event - バーコード: 129806
[2020-12-12T21:51:43.263] [INFO] event - リネーム: ./watch/IMG_0449.JPG　> ./renamed/12/20201212-12980.JPG
[2020-12-13T10:40:24.962] [INFO] event - 写真転送フォルダー: ./watch
[2020-12-13T10:40:24.964] [INFO] event - リネームフォルダー: ./renamed
[2020-12-13T10:40:24.964] [INFO] event - 許容タイムラグ: 60000ミリ秒
[2020-12-13T10:41:31.797] [INFO] event - ファイル: IMG_0360.JPG
[2020-12-13T10:51:02.340] [INFO] event - 写真転送フォルダー: ./watch
[2020-12-13T10:51:02.342] [INFO] event - リネームフォルダー: ./renamed
[2020-12-13T10:51:02.342] [INFO] event - 許容タイムラグ: 60000ミリ秒
[2020-12-13T10:51:42.872] [INFO] event - ファイル: IMG_0304.JPG
[2020-12-13T10:55:43.805] [INFO] event - 写真転送フォルダー: ./watch
[2020-12-13T10:55:43.807] [INFO] event - リネームフォルダー: ./renamed
[2020-12-13T10:55:43.807] [INFO] event - 許容タイムラグ: 60000ミリ秒
[2020-12-13T10:55:47.499] [INFO] event - ファイル: IMG_0360.JPG
[2020-12-13T10:55:52.594] [INFO] event - バーコード: 123333
[2020-12-13T10:55:52.685] [INFO] event - リネーム（大）: ./watch/IMG_0360.JPG　> ./renamed/12/20201213-12333-A.JPG
[2020-12-13T10:55:52.806] [INFO] event - リネーム（中）: ./watch/IMG_0360.JPG　> ./renamed/12/20201213-12333-B.JPG
[2020-12-13T11:02:16.024] [INFO] event - 写真転送フォルダー: ./watch
[2020-12-13T11:02:16.025] [INFO] event - リネームフォルダー: ./renamed
[2020-12-13T11:02:16.026] [INFO] event - 許容タイムラグ: 60000ミリ秒
[2020-12-13T11:02:22.376] [INFO] event - ファイル: IMG_0304.JPG
[2020-12-13T11:02:28.575] [INFO] event - バーコード: 124444
[2020-12-13T11:02:28.670] [INFO] event - リネーム（大）: ./watch/IMG_0304.JPG　> ./renamed/12/20201213-12444-A.JPG
[2020-12-13T11:02:28.714] [INFO] event - リネーム（小）: ./watch/IMG_0304.JPG　> ./renamed/12/20201213-12444-C.JPG
[2020-12-13T11:02:28.754] [INFO] event - リネーム（中）: ./watch/IMG_0304.JPG　> ./renamed/12/20201213-12444-B.JPG
[2020-12-13T11:02:33.651] [INFO] event - ファイル: IMG_0112.JPG
[2020-12-13T11:02:37.328] [INFO] event - バーコード: 125555
[2020-12-13T11:02:37.409] [INFO] event - リネーム（大）: ./watch/IMG_0112.JPG　> ./renamed/12/20201213-12555-A.JPG
[2020-12-13T11:02:37.465] [INFO] event - リネーム（小）: ./watch/IMG_0112.JPG　> ./renamed/12/20201213-12555-C.JPG
[2020-12-13T11:02:37.494] [INFO] event - リネーム（中）: ./watch/IMG_0112.JPG　> ./renamed/12/20201213-12555-B.JPG
